<?xml version="1.0" encoding="UTF-8"?>
<testng-results skipped="0" failed="0" ignored="0" total="1" passed="1">
  <reporter-output>
  </reporter-output>
  <suite name="Suite" duration-ms="15266" started-at="2019-06-11T17:29:58Z" finished-at="2019-06-11T17:30:13Z">
    <groups>
    </groups>
    <test name="Test" duration-ms="15266" started-at="2019-06-11T17:29:58Z" finished-at="2019-06-11T17:30:13Z">
      <class name="Com.NYT.TestCases.toVerifyArticleSwipe">
        <test-method status="PASS" signature="installApp()[pri:0, instance:Com.NYT.TestCases.toVerifyArticleSwipe@20398b7c]" name="installApp" is-config="true" duration-ms="1" started-at="2019-06-11T17:29:58Z" finished-at="2019-06-11T17:29:58Z">
          <reporter-output>
          </reporter-output>
        </test-method> <!-- installApp -->
        <test-method status="PASS" signature="Appinvoke()[pri:0, instance:Com.NYT.TestCases.toVerifyArticleSwipe@20398b7c]" name="Appinvoke" is-config="true" duration-ms="7295" started-at="2019-06-11T17:29:58Z" finished-at="2019-06-11T17:30:05Z">
          <reporter-output>
          </reporter-output>
        </test-method> <!-- Appinvoke -->
        <test-method status="PASS" signature="verifyArticleSwipe()[pri:0, instance:Com.NYT.TestCases.toVerifyArticleSwipe@20398b7c]" name="verifyArticleSwipe" duration-ms="6837" started-at="2019-06-11T17:30:05Z" finished-at="2019-06-11T17:30:12Z">
          <reporter-output>
          </reporter-output>
        </test-method> <!-- verifyArticleSwipe -->
        <test-method status="PASS" signature="QuitApp()[pri:0, instance:Com.NYT.TestCases.toVerifyArticleSwipe@20398b7c]" name="QuitApp" is-config="true" duration-ms="1101" started-at="2019-06-11T17:30:12Z" finished-at="2019-06-11T17:30:13Z">
          <reporter-output>
          </reporter-output>
        </test-method> <!-- QuitApp -->
      </class> <!-- Com.NYT.TestCases.toVerifyArticleSwipe -->
    </test> <!-- Test -->
  </suite> <!-- Suite -->
</testng-results>
